<?xml version="1.0" encoding="UTF-8"?>
<!-- Generated by org.testng.reporters.JUnitReportReporter -->
<testsuite skipped="0" hostname="Sharan-PC" name="GroupingConcept.ClassA" tests="4" failures="0" timestamp="2020-06-24T17:37:33 IST" time="0.025" errors="0">
  <testcase name="M4" time="0.003" classname="GroupingConcept.ClassA"/>
  <system-out/>
  <testcase name="M1" time="0.018" classname="GroupingConcept.ClassA"/>
  <system-out/>
  <testcase name="M2" time="0.002" classname="GroupingConcept.ClassA"/>
  <system-out/>
  <testcase name="M3" time="0.002" classname="GroupingConcept.ClassA"/>
  <system-out/>
</testsuite> <!-- GroupingConcept.ClassA -->
