<?xml version="1.0" encoding="UTF-8"?>
<!-- Generated by org.testng.reporters.JUnitReportReporter -->
<testsuite skipped="0" hostname="Sharan-PC" name="ThreeBrowsers.FirstClassForLogin" tests="4" failures="0" timestamp="2020-06-23T12:18:15 IST" time="22.518" errors="0">
  <testcase name="MaximizeAndLink" time="6.561" classname="ThreeBrowsers.FirstClassForLogin"/>
  <system-out/>
  <testcase name="MaximizeAndLink" time="5.806" classname="ThreeBrowsers.FirstClassForLogin"/>
  <system-out/>
  <testcase name="LoginPage" time="3.923" classname="ThreeBrowsers.FirstClassForLogin"/>
  <system-out/>
  <testcase name="LoginPage" time="6.228" classname="ThreeBrowsers.FirstClassForLogin"/>
  <system-out/>
</testsuite> <!-- ThreeBrowsers.FirstClassForLogin -->
