<?xml version="1.0" encoding="UTF-8"?>
<!-- Generated by org.testng.reporters.JUnitReportReporter -->
<testsuite skipped="0" hostname="Sharan-PC" name="GroupingConcept.ClassB" tests="9" failures="0" timestamp="2020-06-23T18:17:54 IST" time="0.015" errors="0">
  <testcase name="M10" time="0.000" classname="GroupingConcept.ClassB"/>
  <system-out/>
  <testcase name="M2" time="0.000" classname="GroupingConcept.ClassB"/>
  <system-out/>
  <testcase name="M3" time="0.015" classname="GroupingConcept.ClassB"/>
  <system-out/>
  <testcase name="M5" time="0.000" classname="GroupingConcept.ClassB"/>
  <system-out/>
  <testcase name="M7" time="0.000" classname="GroupingConcept.ClassB"/>
  <system-out/>
  <testcase name="M9" time="0.000" classname="GroupingConcept.ClassB"/>
  <system-out/>
  <testcase name="M6" time="0.000" classname="GroupingConcept.ClassB"/>
  <system-out/>
  <testcase name="M8" time="0.000" classname="GroupingConcept.ClassB"/>
  <system-out/>
  <testcase name="M1" time="0.000" classname="GroupingConcept.ClassB"/>
  <system-out/>
</testsuite> <!-- GroupingConcept.ClassB -->
