<?xml version="1.0" encoding="UTF-8"?>
<!-- Generated by org.testng.reporters.JUnitReportReporter -->
<testsuite skipped="0" hostname="Sharan-PC" name="TestNGAnnotations.AnnotationsScriptsHRM" tests="4" failures="0" timestamp="2020-06-23T12:25:49 IST" time="20.838" errors="0">
  <testcase name="LoginValid_Valid" time="13.176" classname="TestNGAnnotations.AnnotationsScriptsHRM"/>
  <system-out/>
  <testcase name="LoginInvalid_Invalid" time="3.116" classname="TestNGAnnotations.AnnotationsScriptsHRM"/>
  <system-out/>
  <testcase name="LoginInvalid_Valid" time="1.954" classname="TestNGAnnotations.AnnotationsScriptsHRM"/>
  <system-out/>
  <testcase name="LoginValid_Invalid" time="2.592" classname="TestNGAnnotations.AnnotationsScriptsHRM"/>
  <system-out/>
</testsuite> <!-- TestNGAnnotations.AnnotationsScriptsHRM -->
