<?xml version="1.0" encoding="UTF-8"?>
<!-- Generated by org.testng.reporters.JUnitReportReporter -->
<testsuite skipped="0" hostname="Sharan-PC" name="XlxsReader.DataProviderDemo" tests="4" failures="0" timestamp="2020-06-22T11:38:09 IST" time="21.209" errors="0">
  <testcase name="doLaunch" time="9.509" classname="XlxsReader.DataProviderDemo"/>
  <system-out/>
  <testcase name="doLogin" time="8.777" classname="XlxsReader.DataProviderDemo"/>
  <system-out/>
  <testcase name="doLogin" time="1.258" classname="XlxsReader.DataProviderDemo"/>
  <system-out/>
  <testcase name="doLogin" time="1.665" classname="XlxsReader.DataProviderDemo"/>
  <system-out/>
</testsuite> <!-- XlxsReader.DataProviderDemo -->
