<?xml version="1.0" encoding="UTF-8"?>
<!-- Generated by org.testng.reporters.JUnitReportReporter -->
<testsuite skipped="0" hostname="Sharan-PC" name="ThreeBrowsers.ThreeBrowsersScripts" tests="3" failures="0" timestamp="2020-06-22T11:49:59 IST" time="12.757" errors="0">
  <testcase name="MaximizeAndLink" time="5.631" classname="ThreeBrowsers.ThreeBrowsersScripts"/>
  <system-out/>
  <testcase name="MaximizeAndLink" time="0.101" classname="ThreeBrowsers.ThreeBrowsersScripts"/>
  <system-out/>
  <testcase name="MaximizeAndLink" time="7.025" classname="ThreeBrowsers.ThreeBrowsersScripts"/>
  <system-out/>
</testsuite> <!-- ThreeBrowsers.ThreeBrowsersScripts -->
